[5 Eylül 2021 01:09]: LOG Toplam 10 adet etkinlik yüklenecek. 
[5 Eylül 2021 01:09]: LOAD Yüklenen Etkinlik: guildMemberAdd
[5 Eylül 2021 01:09]: LOAD Yüklenen Etkinlik: guildMemberRemove
[5 Eylül 2021 01:09]: LOAD Yüklenen Etkinlik: guildMemberUpdate
[5 Eylül 2021 01:09]: LOAD Yüklenen Etkinlik: interactionCreate
[5 Eylül 2021 01:09]: LOAD Yüklenen Etkinlik: MemberAdd
[5 Eylül 2021 01:09]: LOAD Yüklenen Etkinlik: message
[5 Eylül 2021 01:09]: LOAD Yüklenen Etkinlik: messageCreate
[5 Eylül 2021 01:09]: LOAD Yüklenen Etkinlik: messageDelete
[5 Eylül 2021 01:09]: LOAD Yüklenen Etkinlik: ready
[5 Eylül 2021 01:09]: LOAD Yüklenen Etkinlik: userUpdate
[5 Eylül 2021 01:09]: CATEGORY Toplam 8 kategori yüklenecek.
[5 Eylül 2021 01:09]: LOAD Yüklenen Komut: pm2
[5 Eylül 2021 01:09]: LOAD Yüklenen Komut: eval
[5 Eylül 2021 01:09]: LOAD Yüklenen Komut: ping
[5 Eylül 2021 01:09]: LOAD Yüklenen Komut: reboot
[5 Eylül 2021 01:09]: LOAD Yüklenen Komut: selectmenu
[5 Eylül 2021 01:09]: LOAD Yüklenen Komut: test
[5 Eylül 2021 01:09]: LOAD Yüklenen Komut: yedek
[5 Eylül 2021 01:09]: LOAD Yüklenen Komut: afk
[5 Eylül 2021 01:09]: LOAD Yüklenen Komut: avatar
[5 Eylül 2021 01:09]: LOAD Yüklenen Komut: banner
[5 Eylül 2021 01:09]: LOAD Yüklenen Komut: bilgi
[5 Eylül 2021 01:09]: LOAD Yüklenen Komut: boosterisim
[5 Eylül 2021 01:09]: LOAD Yüklenen Komut: git
[5 Eylül 2021 01:09]: LOAD Yüklenen Komut: say
[5 Eylül 2021 01:09]: LOAD Yüklenen Komut: yardım
[5 Eylül 2021 01:09]: LOAD Yüklenen Komut: çek
[5 Eylül 2021 01:09]: LOAD Yüklenen Komut: kanalkoruma
[5 Eylül 2021 01:09]: LOAD Yüklenen Komut: kanalkur
[5 Eylül 2021 01:09]: LOAD Yüklenen Komut: kategori
[5 Eylül 2021 01:09]: LOAD Yüklenen Komut: rolkoruma
[5 Eylül 2021 01:09]: LOAD Yüklenen Komut: ses
[5 Eylül 2021 01:09]: LOAD Yüklenen Komut: sohbet
[5 Eylül 2021 01:09]: LOAD Yüklenen Komut: sunucuayarları
[5 Eylül 2021 01:09]: LOAD Yüklenen Komut: sunucukoruma
[5 Eylül 2021 01:09]: LOAD Yüklenen Komut: taglıalım
[5 Eylül 2021 01:09]: LOAD Yüklenen Komut: yasaktag
[5 Eylül 2021 01:09]: LOAD Yüklenen Komut: yenihesap
[5 Eylül 2021 01:09]: LOAD Yüklenen Komut: kayıtsız
[5 Eylül 2021 01:09]: LOAD Yüklenen Komut: roldenetim
[5 Eylül 2021 01:09]: LOAD Yüklenen Komut: rolsay
[5 Eylül 2021 01:09]: LOAD Yüklenen Komut: seskontrol
[5 Eylül 2021 01:09]: LOAD Yüklenen Komut: snipe
[5 Eylül 2021 01:09]: LOAD Yüklenen Komut: yetkilisay
[5 Eylül 2021 01:09]: LOAD Yüklenen Komut: ban
[5 Eylül 2021 01:09]: LOAD Yüklenen Komut: cezabilgi
[5 Eylül 2021 01:09]: LOAD Yüklenen Komut: chatmute
[5 Eylül 2021 01:09]: LOAD Yüklenen Komut: chatunmute
[5 Eylül 2021 01:09]: LOAD Yüklenen Komut: jail
[5 Eylül 2021 01:09]: LOAD Yüklenen Komut: sicil
[5 Eylül 2021 01:09]: LOAD Yüklenen Komut: unban
[5 Eylül 2021 01:09]: LOAD Yüklenen Komut: unjail
[5 Eylül 2021 01:09]: LOAD Yüklenen Komut: uyarı
[5 Eylül 2021 01:09]: LOAD Yüklenen Komut: af
[5 Eylül 2021 01:09]: LOAD Yüklenen Komut: afkboz
[5 Eylül 2021 01:09]: LOAD Yüklenen Komut: cwhitelist
[5 Eylül 2021 01:09]: LOAD Yüklenen Komut: denetim
[5 Eylül 2021 01:09]: LOAD Yüklenen Komut: herkeserolver
[5 Eylül 2021 01:09]: LOAD Yüklenen Komut: invitemember
[5 Eylül 2021 01:09]: LOAD Yüklenen Komut: inviters
[5 Eylül 2021 01:09]: LOAD Yüklenen Komut: kilit
[5 Eylül 2021 01:09]: LOAD Yüklenen Komut: rolkur
[5 Eylül 2021 01:09]: LOAD Yüklenen Komut: rolsil
[5 Eylül 2021 01:09]: LOAD Yüklenen Komut: temizle
[5 Eylül 2021 01:09]: LOAD Yüklenen Komut: text
[5 Eylül 2021 01:09]: LOAD Yüklenen Komut: userinfo
[5 Eylül 2021 01:09]: LOAD Yüklenen Komut: whitelist
[5 Eylül 2021 01:09]: LOAD Yüklenen Komut: yetkikapat
[5 Eylül 2021 01:09]: LOAD Yüklenen Komut: isim
[5 Eylül 2021 01:09]: LOAD Yüklenen Komut: isimler
[5 Eylül 2021 01:09]: LOAD Yüklenen Komut: kayıt
[5 Eylül 2021 01:09]: LOAD Yüklenen Komut: kayıtbilgi
[5 Eylül 2021 01:09]: LOAD Yüklenen Komut: kayıtsıralama
[5 Eylül 2021 01:09]: LOAD Yüklenen Komut: teyitler
[5 Eylül 2021 01:09]: LOAD Yüklenen Komut: invites
[5 Eylül 2021 01:09]: LOAD Yüklenen Komut: stat
[5 Eylül 2021 01:09]: LOAD Yüklenen Komut: taglı
[5 Eylül 2021 01:09]: LOAD Yüklenen Komut: taglılar
[5 Eylül 2021 01:09]: LOAD Yüklenen Komut: top
[5 Eylül 2021 01:09]: LOAD Yüklenen Komut: topinvites
[5 Eylül 2021 01:09]: MNGDB MongooDb Bağlantısı Kuruldu Hrrr
[5 Eylül 2021 01:09]: LOG Discord.py#0025 olarak giriş yapıldı! 
