[5 Eylül 2021 01:09]: LOG Toplam 4 adet etkinlik yüklenecek. 
[5 Eylül 2021 01:09]: LOAD Yüklenen Etkinlik: ready
[5 Eylül 2021 01:09]: LOAD Yüklenen Etkinlik: roleCreate
[5 Eylül 2021 01:09]: LOAD Yüklenen Etkinlik: roleDelete
[5 Eylül 2021 01:09]: LOAD Yüklenen Etkinlik: roleUpdate
[5 Eylül 2021 01:09]: LOG ☥ Icathia Guard I#6283 olarak giriş yapıldı! 
[5 Eylül 2021 01:09]: MNGDB MongooDb Bağlantısı Kuruldu Hrrr
[5 Eylül 2021 01:09]: LOG  [YEDEK ALINDI] : Khiron of Icathia 
[5 Eylül 2021 01:09]: LOG  [YEDEK ALINDI] : Karantina 
[5 Eylül 2021 01:09]: LOG  [YEDEK ALINDI] : Gta 5 
[5 Eylül 2021 01:09]: LOG  [YEDEK ALINDI] : Minecraft 
[5 Eylül 2021 01:09]: LOG  [YEDEK ALINDI] : • Family 
[5 Eylül 2021 01:09]: LOG  [YEDEK ALINDI] : ♉️ Boğa 
[5 Eylül 2021 01:09]: LOG  [YEDEK ALINDI] : ♎️ Terazi 
[5 Eylül 2021 01:09]: LOG  [YEDEK ALINDI] : ▬▬▬▬▬▬▬▬ 
[5 Eylül 2021 01:09]: LOG  [YEDEK ALINDI] : ▬▬▬▬▬▬▬▬ 
[5 Eylül 2021 01:09]: LOG  [YEDEK ALINDI] : ▬▬▬▬▬▬▬▬ 
[5 Eylül 2021 01:09]: LOG  [YEDEK ALINDI] : Brawlhalla 
[5 Eylül 2021 01:09]: LOG  [YEDEK ALINDI] : ♒️ Kova 
[5 Eylül 2021 01:09]: LOG  [YEDEK ALINDI] : Nortia of Icathia 
[5 Eylül 2021 01:09]: LOG  [YEDEK ALINDI] : Fae'lor of Icathia 
[5 Eylül 2021 01:09]: LOG  [YEDEK ALINDI] : yeni rol 
[5 Eylül 2021 01:09]: LOG  [YEDEK ALINDI] : Hera 
[5 Eylül 2021 01:09]: LOG  [YEDEK ALINDI] : ♌️ Aslan 
[5 Eylül 2021 01:09]: LOG  [YEDEK ALINDI] : Yasaklı Tag 
[5 Eylül 2021 01:09]: LOG  [YEDEK ALINDI] : CS:GO 
[5 Eylül 2021 01:09]: LOG  [YEDEK ALINDI] : ☥ 
[5 Eylül 2021 01:09]: LOG  [YEDEK ALINDI] : 🎤 Vokalist 
[5 Eylül 2021 01:09]: LOG  [YEDEK ALINDI] : ☥ 
[5 Eylül 2021 01:09]: LOG  [YEDEK ALINDI] : ♊️ İkizler 
[5 Eylül 2021 01:09]: LOG  [YEDEK ALINDI] : Vathcaer of Icathia 
[5 Eylül 2021 01:09]: LOG  [YEDEK ALINDI] : ☥ 
[5 Eylül 2021 01:09]: LOG  [YEDEK ALINDI] : ▬▬▬▬▬▬▬▬ 
[5 Eylül 2021 01:09]: LOG  [YEDEK ALINDI] : ▬▬▬▬▬▬▬▬ 
[5 Eylül 2021 01:09]: LOG  [YEDEK ALINDI] : Valorant 
[5 Eylül 2021 01:09]: LOG  [YEDEK ALINDI] : XY 
[5 Eylül 2021 01:09]: LOG  [YEDEK ALINDI] : ▬▬▬▬▬▬▬▬ 
[5 Eylül 2021 01:09]: LOG  [YEDEK ALINDI] : Odessa of Icathia 
[5 Eylül 2021 01:09]: LOG  [YEDEK ALINDI] : Etkinlik Katılımcısı 
[5 Eylül 2021 01:09]: LOG  [YEDEK ALINDI] : Diana of Icathia 
[5 Eylül 2021 01:09]: LOG  [YEDEK ALINDI] : Yeni Hesap 
[5 Eylül 2021 01:09]: LOG  [YEDEK ALINDI] : ☥ 
[5 Eylül 2021 01:09]: LOG  [YEDEK ALINDI] : Wild Rift 
[5 Eylül 2021 01:09]: LOG  [YEDEK ALINDI] : ▬▬▬▬▬▬▬▬ 
[5 Eylül 2021 01:09]: LOG  [YEDEK ALINDI] : # 
[5 Eylül 2021 01:09]: LOG  [YEDEK ALINDI] : ▬▬▬▬▬▬▬▬ 
[5 Eylül 2021 01:09]: LOG  [YEDEK ALINDI] : Nysa of Icathia 
[5 Eylül 2021 01:09]: LOG  [YEDEK ALINDI] : Asuan of Icathia 
[5 Eylül 2021 01:09]: LOG  [YEDEK ALINDI] : ♈️ Koç 
[5 Eylül 2021 01:09]: LOG  [YEDEK ALINDI] : ☥ 
[5 Eylül 2021 01:09]: LOG  [YEDEK ALINDI] : ▬▬▬▬▬▬▬▬ 
[5 Eylül 2021 01:09]: LOG  [YEDEK ALINDI] : Rust 
[5 Eylül 2021 01:09]: LOG  [YEDEK ALINDI] : ▬▬▬▬▬▬▬▬ 
[5 Eylül 2021 01:09]: LOG  [YEDEK ALINDI] : • Booster 
[5 Eylül 2021 01:09]: LOG  [YEDEK ALINDI] : Odin of Icathia 
[5 Eylül 2021 01:09]: LOG  [YEDEK ALINDI] : ♑️ Oğlak 
[5 Eylül 2021 01:09]: LOG  [YEDEK ALINDI] : Çekiliş Katılımcısı 
[5 Eylül 2021 01:09]: LOG  [YEDEK ALINDI] : Soranus of Icathia 
[5 Eylül 2021 01:09]: LOG  [YEDEK ALINDI] : PUBG: MOBILE 
[5 Eylül 2021 01:09]: LOG  [YEDEK ALINDI] : Auttaja 
[5 Eylül 2021 01:09]: LOG  [YEDEK ALINDI] : DJ 
[5 Eylül 2021 01:09]: LOG  [YEDEK ALINDI] : Violence of Icathia 
[5 Eylül 2021 01:09]: LOG  [YEDEK ALINDI] : ♍️ Başak 
[5 Eylül 2021 01:09]: LOG  [YEDEK ALINDI] : 🔪 Single 
[5 Eylül 2021 01:09]: LOG  [YEDEK ALINDI] : Ethernal of Icathia 
[5 Eylül 2021 01:09]: LOG  [YEDEK ALINDI] : Jail Hammer 
[5 Eylül 2021 01:09]: LOG  [YEDEK ALINDI] : Astrea of Icathia 
[5 Eylül 2021 01:09]: LOG  [YEDEK ALINDI] : Muted 
[5 Eylül 2021 01:09]: LOG  [YEDEK ALINDI] : Mute Hammer 
[5 Eylül 2021 01:09]: LOG  [YEDEK ALINDI] : Registrar 
[5 Eylül 2021 01:09]: LOG  [YEDEK ALINDI] : Tec 
[5 Eylül 2021 01:09]: LOG  [YEDEK ALINDI] : ♋️ Yengeç 
[5 Eylül 2021 01:09]: LOG  [YEDEK ALINDI] : ♓️ Balık 
[5 Eylül 2021 01:09]: LOG  [YEDEK ALINDI] : Owner Of ICATHIA 
[5 Eylül 2021 01:09]: LOG  [YEDEK ALINDI] : ♐️ Yay 
[5 Eylül 2021 01:09]: LOG  [YEDEK ALINDI] : League of Legends 
[5 Eylül 2021 01:09]: LOG  [YEDEK ALINDI] : ▬▬▬▬▬▬▬▬ 
[5 Eylül 2021 01:09]: LOG  [YEDEK ALINDI] : Velorus of Icathia 
[5 Eylül 2021 01:09]: LOG  [YEDEK ALINDI] : • MUSIC BOTS 
[5 Eylül 2021 01:09]: LOG  [YEDEK ALINDI] : ☥ 
[5 Eylül 2021 01:09]: LOG  [YEDEK ALINDI] : ▬▬▬▬▬▬▬▬ 
[5 Eylül 2021 01:09]: LOG  [YEDEK ALINDI] : FiveM 
[5 Eylül 2021 01:09]: LOG  [YEDEK ALINDI] : • Very Important Person 
[5 Eylül 2021 01:09]: LOG  [YEDEK ALINDI] : ict 
[5 Eylül 2021 01:09]: LOG  [YEDEK ALINDI] : ▬▬▬▬▬▬▬▬ 
[5 Eylül 2021 01:09]: LOG  [YEDEK ALINDI] : Icathia 
[5 Eylül 2021 01:09]: LOG  [YEDEK ALINDI] : Move 
[5 Eylül 2021 01:09]: LOG  [YEDEK ALINDI] : XX 
[5 Eylül 2021 01:09]: LOG  [YEDEK ALINDI] : ☥ 
[5 Eylül 2021 01:09]: LOG  [YEDEK ALINDI] : Mobile Legends 
[5 Eylül 2021 01:09]: LOG  [YEDEK ALINDI] : • BOTS 
[5 Eylül 2021 01:09]: LOG  [YEDEK ALINDI] : Krexor of Icathia 
[5 Eylül 2021 01:09]: LOG  [YEDEK ALINDI] : Kayıtsız 
[5 Eylül 2021 01:09]: LOG  [YEDEK ALINDI] : Ban Hammer 
[5 Eylül 2021 01:09]: LOG  [YEDEK ALINDI] : M 
[5 Eylül 2021 01:09]: LOG  [YEDEK ALINDI] : PUBG 
[5 Eylül 2021 01:09]: LOG  [YEDEK ALINDI] : ♏️ Akrep 
[5 Eylül 2021 01:09]: LOG  [YEDEK ALINDI] : Fortnite 
[5 Eylül 2021 01:09]: LOG  [YEDEK ALINDI] : 💞 Couple 
[5 Eylül 2021 01:09]: LOG  [YEDEK ALINDI] : Zeus 
[5 Eylül 2021 01:09]: LOG Rol veri tabanı düzenlendi! 
