[5 Eylül 2021 01:09]: LOG Toplam 8 adet etkinlik yüklenecek. 
[5 Eylül 2021 01:09]: LOAD Yüklenen Etkinlik: channelCreate
[5 Eylül 2021 01:09]: LOAD Yüklenen Etkinlik: channelDelete
[5 Eylül 2021 01:09]: LOAD Yüklenen Etkinlik: channelUpdate
[5 Eylül 2021 01:09]: LOAD Yüklenen Etkinlik: guildMemberUpdate
[5 Eylül 2021 01:09]: LOAD Yüklenen Etkinlik: overwriteCreate
[5 Eylül 2021 01:09]: LOAD Yüklenen Etkinlik: overwriteDelete
[5 Eylül 2021 01:09]: LOAD Yüklenen Etkinlik: overwriteUpdate
[5 Eylül 2021 01:09]: LOAD Yüklenen Etkinlik: ready
[5 Eylül 2021 01:09]: LOG ☥ Icathia Guard III#8392 olarak giriş yapıldı! 
[5 Eylül 2021 01:09]: MNGDB MongooDb Bağlantısı Kuruldu Hrrr
[5 Eylül 2021 01:09]: LOG  [DATABASEYE EKLENDİ] : ・Ionia 
[5 Eylül 2021 01:09]: LOG  [DATABASEYE EKLENDİ] : ・booster・member 
[5 Eylül 2021 01:09]: LOG  [DATABASEYE EKLENDİ] : ・ban・log 
[5 Eylül 2021 01:09]: LOG  [DATABASEYE EKLENDİ] : Metin Kanalları 
[5 Eylül 2021 01:09]: LOG  [DATABASEYE EKLENDİ] : ・mod・log 
[5 Eylül 2021 01:09]: LOG  [DATABASEYE EKLENDİ] : ・erkal 
[5 Eylül 2021 01:09]: LOG  [DATABASEYE EKLENDİ] : ・sunucu・koruma 
[5 Eylül 2021 01:09]: LOG  [DATABASEYE EKLENDİ] : ・sohbet 
[5 Eylül 2021 01:09]: LOG  [DATABASEYE EKLENDİ] : ・güvenlik 
[5 Eylül 2021 01:09]: LOG  [DATABASEYE EKLENDİ] : ・gif 
[5 Eylül 2021 01:09]: LOG  [DATABASEYE EKLENDİ] : ・Noxus 
[5 Eylül 2021 01:09]: LOG  [DATABASEYE EKLENDİ] : ・photo・chat 
[5 Eylül 2021 01:09]: LOG  [DATABASEYE EKLENDİ] : KAYIT 
[5 Eylül 2021 01:09]: LOG  [DATABASEYE EKLENDİ] : ・davet・bilgi 
[5 Eylül 2021 01:09]: LOG  [DATABASEYE EKLENDİ] : ・kayıt・chat 
[5 Eylül 2021 01:09]: LOG  [DATABASEYE EKLENDİ] : ・denetim 
[5 Eylül 2021 01:09]: LOG  [DATABASEYE EKLENDİ] : ・rol・alma 
[5 Eylül 2021 01:09]: LOG  [DATABASEYE EKLENDİ] : SUNUCU LOG 
[5 Eylül 2021 01:09]: LOG  [DATABASEYE EKLENDİ] : ・kanal・koruma 
[5 Eylül 2021 01:09]: LOG  [DATABASEYE EKLENDİ] : ・Icathia ⚚ 
[5 Eylül 2021 01:09]: LOG  [DATABASEYE EKLENDİ] : ICATHIA 
[5 Eylül 2021 01:09]: LOG  [DATABASEYE EKLENDİ] : ・mute・log 
[5 Eylül 2021 01:09]: LOG  [DATABASEYE EKLENDİ] : ☥ Icathia GUARD LOGS 
[5 Eylül 2021 01:09]: LOG  [DATABASEYE EKLENDİ] : ・bot・komut 
[5 Eylül 2021 01:09]: LOG  [DATABASEYE EKLENDİ] : ☥・icathia 
[5 Eylül 2021 01:09]: LOG  [DATABASEYE EKLENDİ] : ・Kayıt 
[5 Eylül 2021 01:09]: LOG  [DATABASEYE EKLENDİ] : ・Özel Oda 1 
[5 Eylül 2021 01:09]: LOG  [DATABASEYE EKLENDİ] : ・jail・log 
[5 Eylül 2021 01:09]: LOG  [DATABASEYE EKLENDİ] : ・sunucu・log 
[5 Eylül 2021 01:09]: LOG  [DATABASEYE EKLENDİ] : ・rol・koruma 
[5 Eylül 2021 01:09]: LOG  [DATABASEYE EKLENDİ] : ・Özel Oda 3 
[5 Eylül 2021 01:09]: LOG  [DATABASEYE EKLENDİ] : ・hata・log 
[5 Eylül 2021 01:09]: LOG  [DATABASEYE EKLENDİ] : ・Demacia 
[5 Eylül 2021 01:09]: LOG  [DATABASEYE EKLENDİ] : ☥ Icathia PENALTIES LOGS 
[5 Eylül 2021 01:09]: LOG  [DATABASEYE EKLENDİ] : ・warn・log 
[5 Eylül 2021 01:09]: LOG  [DATABASEYE EKLENDİ] : ÖZEL ODALAR 
[5 Eylül 2021 01:09]: LOG  [DATABASEYE EKLENDİ] : kurallar 
[5 Eylül 2021 01:09]: LOG  [DATABASEYE EKLENDİ] : Ses Kanalları 
[5 Eylül 2021 01:09]: LOG  [DATABASEYE EKLENDİ] : ・owo・chat 
[5 Eylül 2021 01:09]: LOG  [DATABASEYE EKLENDİ] : ・Özel Oda 2 
[5 Eylül 2021 01:09]: LOG Kanal veri tabanı düzenlendi! 
